This file contains any messages produced by compilers while
running configure, to aid debugging if configure makes a mistake.

It was created by libisal configure 2.16.0, which was
generated by GNU Autoconf 2.69.  Invocation command line was

  $ ./configure CFLAGS=-fPIC --prefix=/home/pnvaidya/GKL/src/main/native/compression/isa-l-master/usr --libdir=/home/pnvaidya/GKL/src/main/native/compression/isa-l-master/lib --no-create --no-recursion

## --------- ##
## Platform. ##
## --------- ##

hostname = genome
uname -m = x86_64
uname -r = 2.6.32-573.18.1.el6.x86_64
uname -s = Linux
uname -v = #1 SMP Tue Feb 9 22:46:17 UTC 2016

/usr/bin/uname -p = unknown
/bin/uname -X     = unknown

/bin/arch              = x86_64
/usr/bin/arch -k       = unknown
/usr/convex/getsysinfo = unknown
/usr/bin/hostinfo      = unknown
/bin/machine           = unknown
/usr/bin/oslevel       = unknown
/bin/universe          = unknown

PATH: /opt/intel.2016/ipp/bin
PATH: /opt/gcc-4.8.2/bin/
PATH: /opt/gradle-2.10/bin
PATH: /opt/jdk1.8.0_72//bin
PATH: /opt/intel.2016/vtune_amplifier_xe_2016.1.0.424694/bin64
PATH: /opt/intel.2016/ipp/bin
PATH: /opt/gcc-4.8.2/bin/
PATH: /opt/gradle-2.10/bin
PATH: /opt/jdk1.8.0_72//bin
PATH: /opt/intel.2016/vtune_amplifier_xe_2016.1.0.424694/bin64
PATH: /usr/lib64/qt-3.3/bin
PATH: /usr/local/bin
PATH: /bin
PATH: /usr/bin
PATH: /usr/local/sbin
PATH: /usr/sbin
PATH: /sbin
PATH: /home/pnvaidya/bin


## ----------- ##
## Core tests. ##
## ----------- ##

configure:2513: checking for a BSD-compatible install
configure:2581: result: /usr/bin/install -c
configure:2592: checking whether build environment is sane
configure:2642: result: yes
configure:2783: checking for a thread-safe mkdir -p
configure:2822: result: /bin/mkdir -p
configure:2835: checking for gawk
configure:2851: found /bin/gawk
configure:2862: result: gawk
configure:2873: checking whether make sets $(MAKE)
configure:2895: result: yes
configure:2982: checking how to create a pax tar archive
configure:2995: tar --version
tar (GNU tar) 1.23
Copyright (C) 2010 Free Software Foundation, Inc.
License GPLv3+: GNU GPL version 3 or later <http://gnu.org/licenses/gpl.html>.
This is free software: you are free to change and redistribute it.
There is NO WARRANTY, to the extent permitted by law.

Written by John Gilmore and Jay Fenlason.
configure:2998: $? = 0
configure:3038: tardir=conftest.dir && eval tar --format=posix -chf - "$tardir" >conftest.tar
configure:3041: $? = 0
configure:3045: tar -xf - <conftest.tar
configure:3048: $? = 0
configure:3061: result: gnutar
configure:3080: checking for style of include used by make
configure:3108: result: GNU
configure:3178: checking for gcc
configure:3194: found /opt/gcc-4.8.2/bin//gcc
configure:3205: result: gcc
configure:3434: checking for C compiler version
configure:3443: gcc --version >&5
gcc (GCC) 4.8.2
Copyright (C) 2013 Free Software Foundation, Inc.
This is free software; see the source for copying conditions.  There is NO
warranty; not even for MERCHANTABILITY or FITNESS FOR A PARTICULAR PURPOSE.

configure:3454: $? = 0
configure:3443: gcc -v >&5
Using built-in specs.
COLLECT_GCC=gcc
COLLECT_LTO_WRAPPER=/home/opt/gcc-4.8.2/bin/../libexec/gcc/x86_64-unknown-linux-gnu/4.8.2/lto-wrapper
Target: x86_64-unknown-linux-gnu
Configured with: ../gcc-4.8.2/configure --prefix=/opt/gcc-4.8.2 --enable-languages=c,c++,fortran --with-mpfr=/mnt/app_hdd/scratch/karthikg/VM/shared/softwares/gcc-4.8.2/build/../libs --with-mpc=/mnt/app_hdd/scratch/karthikg/VM/shared/softwares/gcc-4.8.2/build/../libs --with-gmp=/mnt/app_hdd/scratch/karthikg/VM/shared/softwares/gcc-4.8.2/build/../libs --with-isl=/mnt/app_hdd/scratch/karthikg/VM/shared/softwares/gcc-4.8.2/libs/ --with-cloog=/mnt/app_hdd/scratch/karthikg/VM/shared/softwares/gcc-4.8.2/libs/ : (reconfigured) ../gcc-4.8.2/configure --prefix=/opt/gcc-4.8.2 --enable-languages=c,c++,fortran --with-mpfr=/mnt/app_hdd/scratch/karthikg/VM/shared/softwares/gcc-4.8.2/build/../libs --with-mpc=/mnt/app_hdd/scratch/karthikg/VM/shared/softwares/gcc-4.8.2/build/../libs --with-gmp=/mnt/app_hdd/scratch/karthikg/VM/shared/softwares/gcc-4.8.2/build/../libs --with-isl=/mnt/app_hdd/scratch/karthikg/VM/shared/softwares/gcc-4.8.2/libs/ --with-cloog=/mnt/app_hdd/scratch/karthikg/VM/shared/softwares/gcc-4.8.2/libs/
Thread model: posix
gcc version 4.8.2 (GCC) 
configure:3454: $? = 0
configure:3443: gcc -V >&5
gcc: error: unrecognized command line option '-V'
gcc: fatal error: no input files
compilation terminated.
configure:3454: $? = 1
configure:3443: gcc -qversion >&5
gcc: error: unrecognized command line option '-qversion'
gcc: fatal error: no input files
compilation terminated.
configure:3454: $? = 1
configure:3474: checking whether the C compiler works
configure:3496: gcc -fPIC   conftest.c  >&5
configure:3500: $? = 0
configure:3548: result: yes
configure:3551: checking for C compiler default output file name
configure:3553: result: a.out
configure:3559: checking for suffix of executables
configure:3566: gcc -o conftest -fPIC   conftest.c  >&5
configure:3570: $? = 0
configure:3592: result: 
configure:3614: checking whether we are cross compiling
configure:3622: gcc -o conftest -fPIC   conftest.c  >&5
configure:3626: $? = 0
configure:3633: ./conftest
configure:3637: $? = 0
configure:3652: result: no
configure:3657: checking for suffix of object files
configure:3679: gcc -c -fPIC  conftest.c >&5
configure:3683: $? = 0
configure:3704: result: o
configure:3708: checking whether we are using the GNU C compiler
configure:3727: gcc -c -fPIC  conftest.c >&5
configure:3727: $? = 0
configure:3736: result: yes
configure:3745: checking whether gcc accepts -g
configure:3765: gcc -c -g  conftest.c >&5
configure:3765: $? = 0
configure:3806: result: yes
configure:3823: checking for gcc option to accept ISO C89
configure:3886: gcc  -c -fPIC  conftest.c >&5
configure:3886: $? = 0
configure:3899: result: none needed
configure:3921: checking dependency style of gcc
configure:4031: result: gcc3
configure:4055: checking dependency style of gcc
configure:4163: result: gcc3
configure:4184: checking for gcc option to accept ISO C99
configure:4333: gcc  -c -fPIC  conftest.c >&5
conftest.c:61:29: error: expected ';', ',' or ')' before 'text'
 test_restrict (ccp restrict text)
                             ^
conftest.c: In function 'main':
conftest.c:115:18: error: expected '=', ',', ';', 'asm' or '__attribute__' before 'newvar'
   char *restrict newvar = "Another string";
                  ^
conftest.c:115:18: error: 'newvar' undeclared (first use in this function)
conftest.c:115:18: note: each undeclared identifier is reported only once for each function it appears in
conftest.c:125:3: error: 'for' loop initial declarations are only allowed in C99 mode
   for (int i = 0; i < ia->datasize; ++i)
   ^
conftest.c:125:3: note: use option -std=c99 or -std=gnu99 to compile your code
configure:4333: $? = 1
configure: failed program was:
| /* confdefs.h */
| #define PACKAGE_NAME "libisal"
| #define PACKAGE_TARNAME "isa-l"
| #define PACKAGE_VERSION "2.16.0"
| #define PACKAGE_STRING "libisal 2.16.0"
| #define PACKAGE_BUGREPORT "sg.support.isal@intel.com"
| #define PACKAGE_URL "http://01.org/storage-acceleration-library"
| #define PACKAGE "isa-l"
| #define VERSION "2.16.0"
| /* end confdefs.h.  */
| #include <stdarg.h>
| #include <stdbool.h>
| #include <stdlib.h>
| #include <wchar.h>
| #include <stdio.h>
| 
| // Check varargs macros.  These examples are taken from C99 6.10.3.5.
| #define debug(...) fprintf (stderr, __VA_ARGS__)
| #define showlist(...) puts (#__VA_ARGS__)
| #define report(test,...) ((test) ? puts (#test) : printf (__VA_ARGS__))
| static void
| test_varargs_macros (void)
| {
|   int x = 1234;
|   int y = 5678;
|   debug ("Flag");
|   debug ("X = %d\n", x);
|   showlist (The first, second, and third items.);
|   report (x>y, "x is %d but y is %d", x, y);
| }
| 
| // Check long long types.
| #define BIG64 18446744073709551615ull
| #define BIG32 4294967295ul
| #define BIG_OK (BIG64 / BIG32 == 4294967297ull && BIG64 % BIG32 == 0)
| #if !BIG_OK
|   your preprocessor is broken;
| #endif
| #if BIG_OK
| #else
|   your preprocessor is broken;
| #endif
| static long long int bignum = -9223372036854775807LL;
| static unsigned long long int ubignum = BIG64;
| 
| struct incomplete_array
| {
|   int datasize;
|   double data[];
| };
| 
| struct named_init {
|   int number;
|   const wchar_t *name;
|   double average;
| };
| 
| typedef const char *ccp;
| 
| static inline int
| test_restrict (ccp restrict text)
| {
|   // See if C++-style comments work.
|   // Iterate through items via the restricted pointer.
|   // Also check for declarations in for loops.
|   for (unsigned int i = 0; *(text+i) != '\0'; ++i)
|     continue;
|   return 0;
| }
| 
| // Check varargs and va_copy.
| static void
| test_varargs (const char *format, ...)
| {
|   va_list args;
|   va_start (args, format);
|   va_list args_copy;
|   va_copy (args_copy, args);
| 
|   const char *str;
|   int number;
|   float fnumber;
| 
|   while (*format)
|     {
|       switch (*format++)
| 	{
| 	case 's': // string
| 	  str = va_arg (args_copy, const char *);
| 	  break;
| 	case 'd': // int
| 	  number = va_arg (args_copy, int);
| 	  break;
| 	case 'f': // float
| 	  fnumber = va_arg (args_copy, double);
| 	  break;
| 	default:
| 	  break;
| 	}
|     }
|   va_end (args_copy);
|   va_end (args);
| }
| 
| int
| main ()
| {
| 
|   // Check bool.
|   _Bool success = false;
| 
|   // Check restrict.
|   if (test_restrict ("String literal") == 0)
|     success = true;
|   char *restrict newvar = "Another string";
| 
|   // Check varargs.
|   test_varargs ("s, d' f .", "string", 65, 34.234);
|   test_varargs_macros ();
| 
|   // Check flexible array members.
|   struct incomplete_array *ia =
|     malloc (sizeof (struct incomplete_array) + (sizeof (double) * 10));
|   ia->datasize = 10;
|   for (int i = 0; i < ia->datasize; ++i)
|     ia->data[i] = i * 1.234;
| 
|   // Check named initializers.
|   struct named_init ni = {
|     .number = 34,
|     .name = L"Test wide string",
|     .average = 543.34343,
|   };
| 
|   ni.number = 58;
| 
|   int dynamic_array[ni.number];
|   dynamic_array[ni.number - 1] = 543;
| 
|   // work around unused variable warnings
|   return (!success || bignum == 0LL || ubignum == 0uLL || newvar[0] == 'x'
| 	  || dynamic_array[ni.number - 1] != 543);
| 
|   ;
|   return 0;
| }
configure:4333: gcc -std=gnu99 -c -fPIC  conftest.c >&5
configure:4333: $? = 0
configure:4353: result: -std=gnu99
configure:4454: checking for gcc -std=gnu99 option to accept ISO Standard C
configure:4468: result: -std=gnu99
configure:4478: checking how to run the C preprocessor
configure:4509: gcc -std=gnu99 -E  conftest.c
configure:4509: $? = 0
configure:4523: gcc -std=gnu99 -E  conftest.c
conftest.c:11:28: fatal error: ac_nonexistent.h: No such file or directory
 #include <ac_nonexistent.h>
                            ^
compilation terminated.
configure:4523: $? = 1
configure: failed program was:
| /* confdefs.h */
| #define PACKAGE_NAME "libisal"
| #define PACKAGE_TARNAME "isa-l"
| #define PACKAGE_VERSION "2.16.0"
| #define PACKAGE_STRING "libisal 2.16.0"
| #define PACKAGE_BUGREPORT "sg.support.isal@intel.com"
| #define PACKAGE_URL "http://01.org/storage-acceleration-library"
| #define PACKAGE "isa-l"
| #define VERSION "2.16.0"
| /* end confdefs.h.  */
| #include <ac_nonexistent.h>
configure:4548: result: gcc -std=gnu99 -E
configure:4568: gcc -std=gnu99 -E  conftest.c
configure:4568: $? = 0
configure:4582: gcc -std=gnu99 -E  conftest.c
conftest.c:11:28: fatal error: ac_nonexistent.h: No such file or directory
 #include <ac_nonexistent.h>
                            ^
compilation terminated.
configure:4582: $? = 1
configure: failed program was:
| /* confdefs.h */
| #define PACKAGE_NAME "libisal"
| #define PACKAGE_TARNAME "isa-l"
| #define PACKAGE_VERSION "2.16.0"
| #define PACKAGE_STRING "libisal 2.16.0"
| #define PACKAGE_BUGREPORT "sg.support.isal@intel.com"
| #define PACKAGE_URL "http://01.org/storage-acceleration-library"
| #define PACKAGE "isa-l"
| #define VERSION "2.16.0"
| /* end confdefs.h.  */
| #include <ac_nonexistent.h>
configure:4611: checking for grep that handles long lines and -e
configure:4669: result: /bin/grep
configure:4674: checking for egrep
configure:4736: result: /bin/grep -E
configure:4741: checking for ANSI C header files
configure:4761: gcc -std=gnu99 -c -fPIC  conftest.c >&5
configure:4761: $? = 0
configure:4834: gcc -std=gnu99 -o conftest -fPIC   conftest.c  >&5
configure:4834: $? = 0
configure:4834: ./conftest
configure:4834: $? = 0
configure:4845: result: yes
configure:4858: checking for sys/types.h
configure:4858: gcc -std=gnu99 -c -fPIC  conftest.c >&5
configure:4858: $? = 0
configure:4858: result: yes
configure:4858: checking for sys/stat.h
configure:4858: gcc -std=gnu99 -c -fPIC  conftest.c >&5
configure:4858: $? = 0
configure:4858: result: yes
configure:4858: checking for stdlib.h
configure:4858: gcc -std=gnu99 -c -fPIC  conftest.c >&5
configure:4858: $? = 0
configure:4858: result: yes
configure:4858: checking for string.h
configure:4858: gcc -std=gnu99 -c -fPIC  conftest.c >&5
configure:4858: $? = 0
configure:4858: result: yes
configure:4858: checking for memory.h
configure:4858: gcc -std=gnu99 -c -fPIC  conftest.c >&5
configure:4858: $? = 0
configure:4858: result: yes
configure:4858: checking for strings.h
configure:4858: gcc -std=gnu99 -c -fPIC  conftest.c >&5
configure:4858: $? = 0
configure:4858: result: yes
configure:4858: checking for inttypes.h
configure:4858: gcc -std=gnu99 -c -fPIC  conftest.c >&5
configure:4858: $? = 0
configure:4858: result: yes
configure:4858: checking for stdint.h
configure:4858: gcc -std=gnu99 -c -fPIC  conftest.c >&5
configure:4858: $? = 0
configure:4858: result: yes
configure:4858: checking for unistd.h
configure:4858: gcc -std=gnu99 -c -fPIC  conftest.c >&5
configure:4858: $? = 0
configure:4858: result: yes
configure:4871: checking minix/config.h usability
configure:4871: gcc -std=gnu99 -c -fPIC  conftest.c >&5
conftest.c:54:26: fatal error: minix/config.h: No such file or directory
 #include <minix/config.h>
                          ^
compilation terminated.
configure:4871: $? = 1
configure: failed program was:
| /* confdefs.h */
| #define PACKAGE_NAME "libisal"
| #define PACKAGE_TARNAME "isa-l"
| #define PACKAGE_VERSION "2.16.0"
| #define PACKAGE_STRING "libisal 2.16.0"
| #define PACKAGE_BUGREPORT "sg.support.isal@intel.com"
| #define PACKAGE_URL "http://01.org/storage-acceleration-library"
| #define PACKAGE "isa-l"
| #define VERSION "2.16.0"
| #define STDC_HEADERS 1
| #define HAVE_SYS_TYPES_H 1
| #define HAVE_SYS_STAT_H 1
| #define HAVE_STDLIB_H 1
| #define HAVE_STRING_H 1
| #define HAVE_MEMORY_H 1
| #define HAVE_STRINGS_H 1
| #define HAVE_INTTYPES_H 1
| #define HAVE_STDINT_H 1
| #define HAVE_UNISTD_H 1
| /* end confdefs.h.  */
| #include <stdio.h>
| #ifdef HAVE_SYS_TYPES_H
| # include <sys/types.h>
| #endif
| #ifdef HAVE_SYS_STAT_H
| # include <sys/stat.h>
| #endif
| #ifdef STDC_HEADERS
| # include <stdlib.h>
| # include <stddef.h>
| #else
| # ifdef HAVE_STDLIB_H
| #  include <stdlib.h>
| # endif
| #endif
| #ifdef HAVE_STRING_H
| # if !defined STDC_HEADERS && defined HAVE_MEMORY_H
| #  include <memory.h>
| # endif
| # include <string.h>
| #endif
| #ifdef HAVE_STRINGS_H
| # include <strings.h>
| #endif
| #ifdef HAVE_INTTYPES_H
| # include <inttypes.h>
| #endif
| #ifdef HAVE_STDINT_H
| # include <stdint.h>
| #endif
| #ifdef HAVE_UNISTD_H
| # include <unistd.h>
| #endif
| #include <minix/config.h>
configure:4871: result: no
configure:4871: checking minix/config.h presence
configure:4871: gcc -std=gnu99 -E  conftest.c
conftest.c:21:26: fatal error: minix/config.h: No such file or directory
 #include <minix/config.h>
                          ^
compilation terminated.
configure:4871: $? = 1
configure: failed program was:
| /* confdefs.h */
| #define PACKAGE_NAME "libisal"
| #define PACKAGE_TARNAME "isa-l"
| #define PACKAGE_VERSION "2.16.0"
| #define PACKAGE_STRING "libisal 2.16.0"
| #define PACKAGE_BUGREPORT "sg.support.isal@intel.com"
| #define PACKAGE_URL "http://01.org/storage-acceleration-library"
| #define PACKAGE "isa-l"
| #define VERSION "2.16.0"
| #define STDC_HEADERS 1
| #define HAVE_SYS_TYPES_H 1
| #define HAVE_SYS_STAT_H 1
| #define HAVE_STDLIB_H 1
| #define HAVE_STRING_H 1
| #define HAVE_MEMORY_H 1
| #define HAVE_STRINGS_H 1
| #define HAVE_INTTYPES_H 1
| #define HAVE_STDINT_H 1
| #define HAVE_UNISTD_H 1
| /* end confdefs.h.  */
| #include <minix/config.h>
configure:4871: result: no
configure:4871: checking for minix/config.h
configure:4871: result: no
configure:4892: checking whether it is safe to define __EXTENSIONS__
configure:4910: gcc -std=gnu99 -c -fPIC  conftest.c >&5
configure:4910: $? = 0
configure:4917: result: yes
configure:4972: checking build system type
configure:4986: result: x86_64-unknown-linux-gnu
configure:5006: checking host system type
configure:5019: result: x86_64-unknown-linux-gnu
configure:5039: checking for a sed that does not truncate output
configure:5103: result: /bin/sed
configure:5121: checking for fgrep
configure:5183: result: /bin/grep -F
configure:5218: checking for ld used by gcc -std=gnu99
configure:5285: result: /usr/bin/ld
configure:5292: checking if the linker (/usr/bin/ld) is GNU ld
configure:5307: result: yes
configure:5319: checking for BSD- or MS-compatible name lister (nm)
configure:5368: result: /usr/bin/nm -B
configure:5486: checking the name lister (/usr/bin/nm -B) interface
configure:5493: gcc -std=gnu99 -c -fPIC  conftest.c >&5
configure:5496: /usr/bin/nm -B "conftest.o"
configure:5499: output
0000000000000000 B some_variable
configure:5506: result: BSD nm
configure:5509: checking whether ln -s works
configure:5513: result: yes
configure:5521: checking the maximum length of command line arguments
configure:5641: result: 1966080
configure:5658: checking whether the shell understands some XSI constructs
configure:5668: result: yes
configure:5672: checking whether the shell understands "+="
configure:5678: result: yes
configure:5713: checking for /usr/bin/ld option to reload object files
configure:5720: result: -r
configure:5789: checking for objdump
configure:5805: found /usr/bin/objdump
configure:5816: result: objdump
configure:5848: checking how to recognize dependent libraries
configure:6044: result: pass_all
configure:6104: checking for ar
configure:6120: found /usr/bin/ar
configure:6131: result: ar
configure:6209: checking for strip
configure:6225: found /usr/bin/strip
configure:6236: result: strip
configure:6308: checking for ranlib
configure:6324: found /usr/bin/ranlib
configure:6335: result: ranlib
configure:6425: checking command to parse /usr/bin/nm -B output from gcc -std=gnu99 object
configure:6543: gcc -std=gnu99 -c -fPIC  conftest.c >&5
configure:6546: $? = 0
configure:6550: /usr/bin/nm -B conftest.o \| sed -n -e 's/^.*[	 ]\([ABCDGIRSTW][ABCDGIRSTW]*\)[	 ][	 ]*\([_A-Za-z][_A-Za-z0-9]*\)$/\1 \2 \2/p' \> conftest.nm
configure:6553: $? = 0
configure:6607: gcc -std=gnu99 -o conftest -fPIC   conftest.c conftstm.o >&5
configure:6610: $? = 0
configure:6648: result: ok
configure:6743: gcc -std=gnu99 -c -fPIC  conftest.c >&5
configure:6746: $? = 0
configure:7453: checking for dlfcn.h
configure:7453: gcc -std=gnu99 -c -fPIC  conftest.c >&5
configure:7453: $? = 0
configure:7453: result: yes
configure:7637: checking for objdir
configure:7652: result: .libs
configure:7944: checking if gcc -std=gnu99 supports -fno-rtti -fno-exceptions
configure:7962: gcc -std=gnu99 -c -fPIC  -fno-rtti -fno-exceptions conftest.c >&5
cc1: warning: command line option '-fno-rtti' is valid for C++/ObjC++ but not for C [enabled by default]
configure:7966: $? = 0
configure:7979: result: no
configure:7999: checking for gcc -std=gnu99 option to produce PIC
configure:8271: result: -fPIC -DPIC
configure:8283: checking if gcc -std=gnu99 PIC flag -fPIC -DPIC works
configure:8301: gcc -std=gnu99 -c -fPIC  -fPIC -DPIC -DPIC conftest.c >&5
configure:8305: $? = 0
configure:8318: result: yes
configure:8342: checking if gcc -std=gnu99 static flag -static works
configure:8370: result: yes
configure:8385: checking if gcc -std=gnu99 supports -c -o file.o
configure:8406: gcc -std=gnu99 -c -fPIC  -o out/conftest2.o conftest.c >&5
configure:8410: $? = 0
configure:8432: result: yes
configure:8440: checking if gcc -std=gnu99 supports -c -o file.o
configure:8487: result: yes
configure:8520: checking whether the gcc -std=gnu99 linker (/usr/bin/ld -m elf_x86_64) supports shared libraries
configure:9506: result: yes
configure:9543: checking whether -lc should be explicitly linked in
configure:9548: gcc -std=gnu99 -c -fPIC  conftest.c >&5
configure:9551: $? = 0
configure:9566: gcc -std=gnu99 -shared conftest.o  -v -Wl,-soname -Wl,conftest -o conftest 2\>\&1 \| /bin/grep  -lc  \>/dev/null 2\>\&1
configure:9569: $? = 0
configure:9581: result: no
configure:9745: checking dynamic linker characteristics
configure:10178: gcc -std=gnu99 -o conftest -fPIC   -Wl,-rpath -Wl,/foo conftest.c  >&5
configure:10178: $? = 0
configure:10399: result: GNU/Linux ld.so
configure:10501: checking how to hardcode library paths into programs
configure:10526: result: immediate
configure:11046: checking whether stripping libraries is possible
configure:11051: result: yes
configure:11086: checking if libtool supports shared libraries
configure:11088: result: yes
configure:11091: checking whether to build shared libraries
configure:11112: result: yes
configure:11115: checking whether to build static libraries
configure:11119: result: yes
configure:11155: checking for a sed that does not truncate output
configure:11219: result: /bin/sed
configure:11245: checking for yasm
configure:11261: found /usr/bin/yasm
configure:11273: result: yes
configure:11285: checking for modern yasm
configure:11293: result: yes
configure:11295: checking for optional yasm AVX512 support
configure:11306: result: no
configure:11320: checking for nasm
configure:11348: result: no
configure:11357: result: no nasm
configure:11414: result: Assembler does not understand AVX512 opcodes.  Consider upgrading for best performance.
configure:11458: result: Using yasm args target "unknown" "-f elf64"
configure:11465: checking limits.h usability
configure:11465: gcc -std=gnu99 -c -fPIC  conftest.c >&5
configure:11465: $? = 0
configure:11465: result: yes
configure:11465: checking limits.h presence
configure:11465: gcc -std=gnu99 -E  conftest.c
configure:11465: $? = 0
configure:11465: result: yes
configure:11465: checking for limits.h
configure:11465: result: yes
configure:11465: checking for stdint.h
configure:11465: result: yes
configure:11465: checking for stdlib.h
configure:11465: result: yes
configure:11465: checking for string.h
configure:11465: result: yes
configure:11477: checking for inline
configure:11493: gcc -std=gnu99 -c -fPIC  conftest.c >&5
configure:11493: $? = 0
configure:11501: result: inline
configure:11519: checking for size_t
configure:11519: gcc -std=gnu99 -c -fPIC  conftest.c >&5
configure:11519: $? = 0
configure:11519: gcc -std=gnu99 -c -fPIC  conftest.c >&5
conftest.c: In function 'main':
conftest.c:68:21: error: expected expression before ')' token
 if (sizeof ((size_t)))
                     ^
configure:11519: $? = 1
configure: failed program was:
| /* confdefs.h */
| #define PACKAGE_NAME "libisal"
| #define PACKAGE_TARNAME "isa-l"
| #define PACKAGE_VERSION "2.16.0"
| #define PACKAGE_STRING "libisal 2.16.0"
| #define PACKAGE_BUGREPORT "sg.support.isal@intel.com"
| #define PACKAGE_URL "http://01.org/storage-acceleration-library"
| #define PACKAGE "isa-l"
| #define VERSION "2.16.0"
| #define STDC_HEADERS 1
| #define HAVE_SYS_TYPES_H 1
| #define HAVE_SYS_STAT_H 1
| #define HAVE_STDLIB_H 1
| #define HAVE_STRING_H 1
| #define HAVE_MEMORY_H 1
| #define HAVE_STRINGS_H 1
| #define HAVE_INTTYPES_H 1
| #define HAVE_STDINT_H 1
| #define HAVE_UNISTD_H 1
| #define __EXTENSIONS__ 1
| #define _ALL_SOURCE 1
| #define _GNU_SOURCE 1
| #define _POSIX_PTHREAD_SEMANTICS 1
| #define _TANDEM_SOURCE 1
| #define HAVE_DLFCN_H 1
| #define LT_OBJDIR ".libs/"
| #define HAVE_LIMITS_H 1
| #define HAVE_STDINT_H 1
| #define HAVE_STDLIB_H 1
| #define HAVE_STRING_H 1
| /* end confdefs.h.  */
| #include <stdio.h>
| #ifdef HAVE_SYS_TYPES_H
| # include <sys/types.h>
| #endif
| #ifdef HAVE_SYS_STAT_H
| # include <sys/stat.h>
| #endif
| #ifdef STDC_HEADERS
| # include <stdlib.h>
| # include <stddef.h>
| #else
| # ifdef HAVE_STDLIB_H
| #  include <stdlib.h>
| # endif
| #endif
| #ifdef HAVE_STRING_H
| # if !defined STDC_HEADERS && defined HAVE_MEMORY_H
| #  include <memory.h>
| # endif
| # include <string.h>
| #endif
| #ifdef HAVE_STRINGS_H
| # include <strings.h>
| #endif
| #ifdef HAVE_INTTYPES_H
| # include <inttypes.h>
| #endif
| #ifdef HAVE_STDINT_H
| # include <stdint.h>
| #endif
| #ifdef HAVE_UNISTD_H
| # include <unistd.h>
| #endif
| int
| main ()
| {
| if (sizeof ((size_t)))
| 	    return 0;
|   ;
|   return 0;
| }
configure:11519: result: yes
configure:11530: checking for uint16_t
configure:11530: gcc -std=gnu99 -c -fPIC  conftest.c >&5
configure:11530: $? = 0
configure:11530: result: yes
configure:11542: checking for uint32_t
configure:11542: gcc -std=gnu99 -c -fPIC  conftest.c >&5
configure:11542: $? = 0
configure:11542: result: yes
configure:11556: checking for uint64_t
configure:11556: gcc -std=gnu99 -c -fPIC  conftest.c >&5
configure:11556: $? = 0
configure:11556: result: yes
configure:11570: checking for uint8_t
configure:11570: gcc -std=gnu99 -c -fPIC  conftest.c >&5
configure:11570: $? = 0
configure:11570: result: yes
configure:11588: checking for stdlib.h
configure:11588: result: yes
configure:11598: checking for GNU libc compatible malloc
configure:11622: gcc -std=gnu99 -o conftest -fPIC   conftest.c  >&5
configure:11622: $? = 0
configure:11622: ./conftest
configure:11622: $? = 0
configure:11632: result: yes
configure:11656: checking for memmove
configure:11656: gcc -std=gnu99 -o conftest -fPIC   conftest.c  >&5
conftest.c:57:6: warning: conflicting types for built-in function 'memmove' [enabled by default]
 char memmove ();
      ^
configure:11656: $? = 0
configure:11656: result: yes
configure:11656: checking for memset
configure:11656: gcc -std=gnu99 -o conftest -fPIC   conftest.c  >&5
conftest.c:58:6: warning: conflicting types for built-in function 'memset' [enabled by default]
 char memset ();
      ^
configure:11656: $? = 0
configure:11656: result: yes
configure:11867: creating ./config.status
configure:13905: result:
        isa-l 2.16.0
        =====

        prefix:                 /home/pnvaidya/GKL/src/main/native/compression/isa-l-master/usr
        sysconfdir:             ${prefix}/etc
        libdir:                 /home/pnvaidya/GKL/src/main/native/compression/isa-l-master/lib
        includedir:             ${prefix}/include

        compiler:               gcc -std=gnu99
        cflags:                 -fPIC
        ldflags:                

        debug:                  no


## ---------------- ##
## Cache variables. ##
## ---------------- ##

ac_cv_build=x86_64-unknown-linux-gnu
ac_cv_c_compiler_gnu=yes
ac_cv_c_inline=inline
ac_cv_c_uint16_t=yes
ac_cv_c_uint32_t=yes
ac_cv_c_uint64_t=yes
ac_cv_c_uint8_t=yes
ac_cv_env_CCASFLAGS_set=
ac_cv_env_CCASFLAGS_value=
ac_cv_env_CCAS_set=
ac_cv_env_CCAS_value=
ac_cv_env_CC_set=
ac_cv_env_CC_value=
ac_cv_env_CFLAGS_set=set
ac_cv_env_CFLAGS_value=-fPIC
ac_cv_env_CPPFLAGS_set=
ac_cv_env_CPPFLAGS_value=
ac_cv_env_CPP_set=
ac_cv_env_CPP_value=
ac_cv_env_LDFLAGS_set=
ac_cv_env_LDFLAGS_value=
ac_cv_env_LIBS_set=
ac_cv_env_LIBS_value=
ac_cv_env_build_alias_set=
ac_cv_env_build_alias_value=
ac_cv_env_host_alias_set=
ac_cv_env_host_alias_value=
ac_cv_env_target_alias_set=
ac_cv_env_target_alias_value=
ac_cv_func_malloc_0_nonnull=yes
ac_cv_func_memmove=yes
ac_cv_func_memset=yes
ac_cv_header_dlfcn_h=yes
ac_cv_header_inttypes_h=yes
ac_cv_header_limits_h=yes
ac_cv_header_memory_h=yes
ac_cv_header_minix_config_h=no
ac_cv_header_stdc=yes
ac_cv_header_stdint_h=yes
ac_cv_header_stdlib_h=yes
ac_cv_header_string_h=yes
ac_cv_header_strings_h=yes
ac_cv_header_sys_stat_h=yes
ac_cv_header_sys_types_h=yes
ac_cv_header_unistd_h=yes
ac_cv_host=x86_64-unknown-linux-gnu
ac_cv_objext=o
ac_cv_path_EGREP='/bin/grep -E'
ac_cv_path_FGREP='/bin/grep -F'
ac_cv_path_GREP=/bin/grep
ac_cv_path_SED=/bin/sed
ac_cv_path_install='/usr/bin/install -c'
ac_cv_path_mkdir=/bin/mkdir
ac_cv_prog_AWK=gawk
ac_cv_prog_CPP='gcc -std=gnu99 -E'
ac_cv_prog_HAVE_NASM=no
ac_cv_prog_HAVE_YASM=yes
ac_cv_prog_ac_ct_AR=ar
ac_cv_prog_ac_ct_CC=gcc
ac_cv_prog_ac_ct_OBJDUMP=objdump
ac_cv_prog_ac_ct_RANLIB=ranlib
ac_cv_prog_ac_ct_STRIP=strip
ac_cv_prog_cc_c89=
ac_cv_prog_cc_c99=-std=gnu99
ac_cv_prog_cc_g=yes
ac_cv_prog_cc_stdc=-std=gnu99
ac_cv_prog_make_make_set=yes
ac_cv_safe_to_define___extensions__=yes
ac_cv_type_size_t=yes
am_cv_CCAS_dependencies_compiler_type=gcc3
am_cv_CC_dependencies_compiler_type=gcc3
am_cv_prog_tar_pax=gnutar
lt_cv_deplibs_check_method=pass_all
lt_cv_file_magic_cmd='$MAGIC_CMD'
lt_cv_file_magic_test_file=
lt_cv_ld_reload_flag=-r
lt_cv_nm_interface='BSD nm'
lt_cv_objdir=.libs
lt_cv_path_LD=/usr/bin/ld
lt_cv_path_NM='/usr/bin/nm -B'
lt_cv_prog_compiler_c_o=yes
lt_cv_prog_compiler_pic_works=yes
lt_cv_prog_compiler_rtti_exceptions=no
lt_cv_prog_compiler_static_works=yes
lt_cv_prog_gnu_ld=yes
lt_cv_sys_global_symbol_pipe='sed -n -e '\''s/^.*[	 ]\([ABCDGIRSTW][ABCDGIRSTW]*\)[	 ][	 ]*\([_A-Za-z][_A-Za-z0-9]*\)$/\1 \2 \2/p'\'''
lt_cv_sys_global_symbol_to_c_name_address='sed -n -e '\''s/^: \([^ ]*\) $/  {\"\1\", (void *) 0},/p'\'' -e '\''s/^[ABCDGIRSTW]* \([^ ]*\) \([^ ]*\)$/  {"\2", (void *) \&\2},/p'\'''
lt_cv_sys_global_symbol_to_c_name_address_lib_prefix='sed -n -e '\''s/^: \([^ ]*\) $/  {\"\1\", (void *) 0},/p'\'' -e '\''s/^[ABCDGIRSTW]* \([^ ]*\) \(lib[^ ]*\)$/  {"\2", (void *) \&\2},/p'\'' -e '\''s/^[ABCDGIRSTW]* \([^ ]*\) \([^ ]*\)$/  {"lib\2", (void *) \&\2},/p'\'''
lt_cv_sys_global_symbol_to_cdecl='sed -n -e '\''s/^T .* \(.*\)$/extern int \1();/p'\'' -e '\''s/^[ABCDGIRSTW]* .* \(.*\)$/extern char \1;/p'\'''
lt_cv_sys_max_cmd_len=1966080

## ----------------- ##
## Output variables. ##
## ----------------- ##

ACLOCAL='${SHELL} /home/pnvaidya/GKL/src/main/native/compression/isa-l-master/build-aux/missing --run aclocal-1.11'
AMDEPBACKSLASH='\'
AMDEP_FALSE='#'
AMDEP_TRUE=''
AMTAR='${SHELL} /home/pnvaidya/GKL/src/main/native/compression/isa-l-master/build-aux/missing --run tar'
AM_BACKSLASH='\'
AM_DEFAULT_VERBOSITY='0'
AR='ar'
AUTOCONF='${SHELL} /home/pnvaidya/GKL/src/main/native/compression/isa-l-master/build-aux/missing --run autoconf'
AUTOHEADER='${SHELL} /home/pnvaidya/GKL/src/main/native/compression/isa-l-master/build-aux/missing --run autoheader'
AUTOMAKE='${SHELL} /home/pnvaidya/GKL/src/main/native/compression/isa-l-master/build-aux/missing --run automake-1.11'
AWK='gawk'
CC='gcc -std=gnu99'
CCAS='gcc'
CCASDEPMODE='depmode=gcc3'
CCASFLAGS='-fPIC'
CCDEPMODE='depmode=gcc3'
CFLAGS='-fPIC'
CPP='gcc -std=gnu99 -E'
CPPFLAGS=''
CYGPATH_W='echo'
DARWIN_FALSE=''
DARWIN_TRUE='#'
DEFS='-DPACKAGE_NAME=\"libisal\" -DPACKAGE_TARNAME=\"isa-l\" -DPACKAGE_VERSION=\"2.16.0\" -DPACKAGE_STRING=\"libisal\ 2.16.0\" -DPACKAGE_BUGREPORT=\"sg.support.isal@intel.com\" -DPACKAGE_URL=\"http://01.org/storage-acceleration-library\" -DPACKAGE=\"isa-l\" -DVERSION=\"2.16.0\" -DSTDC_HEADERS=1 -DHAVE_SYS_TYPES_H=1 -DHAVE_SYS_STAT_H=1 -DHAVE_STDLIB_H=1 -DHAVE_STRING_H=1 -DHAVE_MEMORY_H=1 -DHAVE_STRINGS_H=1 -DHAVE_INTTYPES_H=1 -DHAVE_STDINT_H=1 -DHAVE_UNISTD_H=1 -D__EXTENSIONS__=1 -D_ALL_SOURCE=1 -D_GNU_SOURCE=1 -D_POSIX_PTHREAD_SEMANTICS=1 -D_TANDEM_SOURCE=1 -DHAVE_DLFCN_H=1 -DLT_OBJDIR=\".libs/\" -DHAVE_LIMITS_H=1 -DHAVE_STDINT_H=1 -DHAVE_STDLIB_H=1 -DHAVE_STRING_H=1 -DHAVE_STDLIB_H=1 -DHAVE_MALLOC=1 -DHAVE_MEMMOVE=1 -DHAVE_MEMSET=1'
DEPDIR='.deps'
DSYMUTIL=''
DUMPBIN=''
ECHO_C=''
ECHO_N='-n'
ECHO_T=''
EGREP='/bin/grep -E'
EXEEXT=''
FGREP='/bin/grep -F'
GREP='/bin/grep'
HAVE_NASM='no'
HAVE_YASM='yes'
INSTALL_DATA='${INSTALL} -m 644'
INSTALL_PROGRAM='${INSTALL}'
INSTALL_SCRIPT='${INSTALL}'
INSTALL_STRIP_PROGRAM='$(install_sh) -c -s'
LD='/usr/bin/ld -m elf_x86_64'
LDFLAGS=''
LIBOBJS=''
LIBS=''
LIBTOOL='$(SHELL) $(top_builddir)/libtool'
LIPO=''
LN_S='ln -s'
LTLIBOBJS=''
MAKEINFO='${SHELL} /home/pnvaidya/GKL/src/main/native/compression/isa-l-master/build-aux/missing --run makeinfo'
MKDIR_P='/bin/mkdir -p'
NM='/usr/bin/nm -B'
NMEDIT=''
OBJDUMP='objdump'
OBJEXT='o'
OTOOL64=''
OTOOL=''
PACKAGE='isa-l'
PACKAGE_BUGREPORT='sg.support.isal@intel.com'
PACKAGE_NAME='libisal'
PACKAGE_STRING='libisal 2.16.0'
PACKAGE_TARNAME='isa-l'
PACKAGE_URL='http://01.org/storage-acceleration-library'
PACKAGE_VERSION='2.16.0'
PATH_SEPARATOR=':'
RANLIB='ranlib'
SED='/bin/sed'
SET_MAKE=''
SHELL='/bin/sh'
STRIP='strip'
USE_NASM_FALSE=''
USE_NASM_TRUE='#'
USE_YASM_FALSE='#'
USE_YASM_TRUE=''
VERSION='2.16.0'
WITH_AVX512_FALSE=''
WITH_AVX512_TRUE='#'
ac_ct_CC='gcc'
ac_ct_DUMPBIN=''
am__EXEEXT_FALSE=''
am__EXEEXT_TRUE='#'
am__fastdepCCAS_FALSE='#'
am__fastdepCCAS_TRUE=''
am__fastdepCC_FALSE='#'
am__fastdepCC_TRUE=''
am__include='include'
am__isrc=''
am__leading_dot='.'
am__quote=''
am__tar='tar --format=posix -chf - "$$tardir"'
am__untar='tar -xf -'
bindir='${exec_prefix}/bin'
build='x86_64-unknown-linux-gnu'
build_alias=''
build_cpu='x86_64'
build_os='linux-gnu'
build_vendor='unknown'
datadir='${datarootdir}'
datarootdir='${prefix}/share'
docdir='${datarootdir}/doc/${PACKAGE_TARNAME}'
dvidir='${docdir}'
exec_prefix='${prefix}'
host='x86_64-unknown-linux-gnu'
host_alias=''
host_cpu='x86_64'
host_os='linux-gnu'
host_vendor='unknown'
htmldir='${docdir}'
includedir='${prefix}/include'
infodir='${datarootdir}/info'
install_sh='${SHELL} /home/pnvaidya/GKL/src/main/native/compression/isa-l-master/build-aux/install-sh'
libdir='/home/pnvaidya/GKL/src/main/native/compression/isa-l-master/lib'
libexecdir='${exec_prefix}/libexec'
localedir='${datarootdir}/locale'
localstatedir='${prefix}/var'
lt_ECHO='echo'
mandir='${datarootdir}/man'
mkdir_p='/bin/mkdir -p'
my_CFLAGS='-Wall -Wchar-subscripts -Wformat-security -Wnested-externs -Wpointer-arith -Wshadow -Wstrict-prototypes -Wtype-limits '
oldincludedir='/usr/include'
pdfdir='${docdir}'
prefix='/home/pnvaidya/GKL/src/main/native/compression/isa-l-master/usr'
program_transform_name='s,x,x,'
psdir='${docdir}'
sbindir='${exec_prefix}/sbin'
sharedstatedir='${prefix}/com'
sysconfdir='${prefix}/etc'
target_alias=''
yasm_args='-f elf64'

## ----------- ##
## confdefs.h. ##
## ----------- ##

/* confdefs.h */
#define PACKAGE_NAME "libisal"
#define PACKAGE_TARNAME "isa-l"
#define PACKAGE_VERSION "2.16.0"
#define PACKAGE_STRING "libisal 2.16.0"
#define PACKAGE_BUGREPORT "sg.support.isal@intel.com"
#define PACKAGE_URL "http://01.org/storage-acceleration-library"
#define PACKAGE "isa-l"
#define VERSION "2.16.0"
#define STDC_HEADERS 1
#define HAVE_SYS_TYPES_H 1
#define HAVE_SYS_STAT_H 1
#define HAVE_STDLIB_H 1
#define HAVE_STRING_H 1
#define HAVE_MEMORY_H 1
#define HAVE_STRINGS_H 1
#define HAVE_INTTYPES_H 1
#define HAVE_STDINT_H 1
#define HAVE_UNISTD_H 1
#define __EXTENSIONS__ 1
#define _ALL_SOURCE 1
#define _GNU_SOURCE 1
#define _POSIX_PTHREAD_SEMANTICS 1
#define _TANDEM_SOURCE 1
#define HAVE_DLFCN_H 1
#define LT_OBJDIR ".libs/"
#define HAVE_LIMITS_H 1
#define HAVE_STDINT_H 1
#define HAVE_STDLIB_H 1
#define HAVE_STRING_H 1
#define HAVE_STDLIB_H 1
#define HAVE_MALLOC 1
#define HAVE_MEMMOVE 1
#define HAVE_MEMSET 1

configure: exit 0

## ---------------------- ##
## Running config.status. ##
## ---------------------- ##

This file was extended by libisal config.status 2.16.0, which was
generated by GNU Autoconf 2.69.  Invocation command line was

  CONFIG_FILES    = 
  CONFIG_HEADERS  = 
  CONFIG_LINKS    = 
  CONFIG_COMMANDS = 
  $ ./config.status 

on genome

config.status:1004: creating Makefile
config.status:1004: creating libisal.pc
config.status:1176: executing depfiles commands
config.status:1176: executing libtool commands
